<?xml version="1.0" encoding="UTF-8"?>
<testng-results skipped="0" failed="0" ignored="0" total="1" passed="1">
  <reporter-output>
  </reporter-output>
  <suite name="Default suite" duration-ms="39451" started-at="2020-02-19T13:43:01 IST" finished-at="2020-02-19T13:43:41 IST">
    <groups>
    </groups>
    <test name="Default test" duration-ms="39451" started-at="2020-02-19T13:43:01 IST" finished-at="2020-02-19T13:43:41 IST">
      <class name="TestCase.Linkedin_login_testcase">
        <test-method status="PASS" signature="startup()[pri:0, instance:TestCase.Linkedin_login_testcase@3444d69d]" name="startup" is-config="true" duration-ms="15517" started-at="2020-02-19T13:43:01 IST" finished-at="2020-02-19T13:43:17 IST">
          <reporter-output>
          </reporter-output>
        </test-method> <!-- startup -->
        <test-method status="PASS" signature="login()[pri:0, instance:TestCase.Linkedin_login_testcase@3444d69d]" name="login" duration-ms="23784" started-at="2020-02-19T13:43:17 IST" finished-at="2020-02-19T13:43:41 IST">
          <reporter-output>
          </reporter-output>
        </test-method> <!-- login -->
      </class> <!-- TestCase.Linkedin_login_testcase -->
    </test> <!-- Default test -->
  </suite> <!-- Default suite -->
</testng-results>
