<?xml version="1.0" encoding="UTF-8"?>
<testng-results skipped="0" failed="0" ignored="0" total="1" passed="1">
  <reporter-output>
  </reporter-output>
  <suite name="Default suite" duration-ms="14238" started-at="2020-03-10T14:25:44Z" finished-at="2020-03-10T14:25:59Z">
    <groups>
    </groups>
    <test name="Default test" duration-ms="14238" started-at="2020-03-10T14:25:44Z" finished-at="2020-03-10T14:25:59Z">
      <class name="com.Testcase.seleniumhq_test">
        <test-method status="PASS" signature="startup()[pri:0, instance:com.Testcase.seleniumhq_test@604ed9f0]" name="startup" is-config="true" duration-ms="7643" started-at="2020-03-10T14:25:44Z" finished-at="2020-03-10T14:25:52Z">
          <reporter-output>
          </reporter-output>
        </test-method> <!-- startup -->
        <test-method status="PASS" signature="sel_test()[pri:0, instance:com.Testcase.seleniumhq_test@604ed9f0]" name="sel_test" duration-ms="3988" started-at="2020-03-10T14:25:52Z" finished-at="2020-03-10T14:25:56Z">
          <reporter-output>
          </reporter-output>
        </test-method> <!-- sel_test -->
        <test-method status="PASS" signature="close()[pri:0, instance:com.Testcase.seleniumhq_test@604ed9f0]" name="close" is-config="true" duration-ms="2559" started-at="2020-03-10T14:25:56Z" finished-at="2020-03-10T14:25:59Z">
          <reporter-output>
          </reporter-output>
        </test-method> <!-- close -->
      </class> <!-- com.Testcase.seleniumhq_test -->
    </test> <!-- Default test -->
  </suite> <!-- Default suite -->
</testng-results>
