<?xml version="1.0" encoding="UTF-8"?>
<testng-results skipped="0" failed="0" ignored="0" total="1" passed="1">
  <reporter-output>
  </reporter-output>
  <suite name="Default suite" duration-ms="9206" started-at="2020-02-20T11:22:25 IST" finished-at="2020-02-20T11:22:34 IST">
    <groups>
    </groups>
    <test name="Default test" duration-ms="9206" started-at="2020-02-20T11:22:25 IST" finished-at="2020-02-20T11:22:34 IST">
      <class name="Gradle_Demo.BasicTest">
        <test-method status="PASS" signature="key()[pri:0, instance:Gradle_Demo.BasicTest@22a67b4]" name="key" duration-ms="9112" started-at="2020-02-20T11:22:25 IST" finished-at="2020-02-20T11:22:34 IST">
          <reporter-output>
          </reporter-output>
        </test-method> <!-- key -->
      </class> <!-- Gradle_Demo.BasicTest -->
    </test> <!-- Default test -->
  </suite> <!-- Default suite -->
</testng-results>
