<?xml version="1.0" encoding="UTF-8"?>
<!-- Generated by org.testng.reporters.JUnitXMLReporter -->
<testsuite hostname="BLT215" ignored="0" name="Default test" tests="3" failures="0" timestamp="2020-03-03T15:11:58 IST" time="17.018" errors="0">
  <testcase name="setData" time="0.29" classname="data_provide.linkedin_dataprovider"/>
  <testcase name="setData" time="0.309" classname="data_provide.linkedin_dataprovider"/>
  <testcase name="setData" time="0.446" classname="data_provide.linkedin_dataprovider"/>
</testsuite> <!-- Default test -->
